[2026-01-11T02:39:23.312+0000] {local_task_job_runner.py:120} INFO - ::group::Pre task execution logs
[2026-01-11T02:39:23.348+0000] {taskinstance.py:2076} INFO - Dependencies all met for dep_context=non-requeueable deps ti=<TaskInstance: minio_to_snowflake.load_snowflake scheduled__2026-01-11T02:36:00+00:00 [queued]>
[2026-01-11T02:39:23.358+0000] {taskinstance.py:2076} INFO - Dependencies all met for dep_context=requeueable deps ti=<TaskInstance: minio_to_snowflake.load_snowflake scheduled__2026-01-11T02:36:00+00:00 [queued]>
[2026-01-11T02:39:23.359+0000] {taskinstance.py:2306} INFO - Starting attempt 1 of 2
[2026-01-11T02:39:23.377+0000] {taskinstance.py:2330} INFO - Executing <Task(PythonOperator): load_snowflake> on 2026-01-11 02:36:00+00:00
[2026-01-11T02:39:23.389+0000] {standard_task_runner.py:90} INFO - Running: ['***', 'tasks', 'run', 'minio_to_snowflake', 'load_snowflake', 'scheduled__2026-01-11T02:36:00+00:00', '--job-id', '106', '--raw', '--subdir', 'DAGS_FOLDER/minio_to_snowflake.py', '--cfg-path', '/tmp/tmpoq_oz5vu']
[2026-01-11T02:39:22.460+0000] {standard_task_runner.py:91} INFO - Job 106: Subtask load_snowflake
[2026-01-11T02:39:22.460+0000] {logging_mixin.py:188} WARNING - /home/***/.local/lib/python3.12/site-packages/***/task/task_runner/standard_task_runner.py:62 DeprecationWarning: This process (pid=27353) is multi-threaded, use of fork() may lead to deadlocks in the child.
[2026-01-11T02:39:22.462+0000] {standard_task_runner.py:64} INFO - Started process 27363 to run task
[2026-01-11T02:39:22.552+0000] {task_command.py:426} INFO - Running <TaskInstance: minio_to_snowflake.load_snowflake scheduled__2026-01-11T02:36:00+00:00 [running]> on host e9ec95003052
[2026-01-11T02:39:22.704+0000] {taskinstance.py:2648} INFO - Exporting env vars: AIRFLOW_CTX_DAG_OWNER='***' AIRFLOW_CTX_DAG_ID='minio_to_snowflake' AIRFLOW_CTX_TASK_ID='load_snowflake' AIRFLOW_CTX_EXECUTION_DATE='2026-01-11T02:36:00+00:00' AIRFLOW_CTX_TRY_NUMBER='1' AIRFLOW_CTX_DAG_RUN_ID='scheduled__2026-01-11T02:36:00+00:00'
[2026-01-11T02:39:22.706+0000] {taskinstance.py:430} INFO - ::endgroup::
[2026-01-11T02:39:22.744+0000] {connection.py:408} INFO - Snowflake Connector for Python Version: 3.11.0, Python Version: 3.12.4, Platform: Linux-6.6.87.2-microsoft-standard-WSL2-x86_64-with-glibc2.36
[2026-01-11T02:39:22.747+0000] {connection.py:1258} INFO - This connection is in OCSP Fail Open Mode. TLS Certificates would be checked for validity and revocation status. Any other Certificate Revocation related exceptions or OCSP Responder failures would be disregarded in favor of connectivity.
[2026-01-11T02:39:25.817+0000] {logging_mixin.py:188} INFO - Uploaded /tmp/minio_downloads/1768094289.json to Snowflake stage
[2026-01-11T02:39:26.250+0000] {logging_mixin.py:188} INFO - Uploaded /tmp/minio_downloads/1768094300.json to Snowflake stage
[2026-01-11T02:39:26.669+0000] {logging_mixin.py:188} INFO - Uploaded /tmp/minio_downloads/1768094311.json to Snowflake stage
[2026-01-11T02:39:27.090+0000] {logging_mixin.py:188} INFO - Uploaded /tmp/minio_downloads/1768094322.json to Snowflake stage
[2026-01-11T02:39:27.521+0000] {logging_mixin.py:188} INFO - Uploaded /tmp/minio_downloads/1768094333.json to Snowflake stage
[2026-01-11T02:39:27.945+0000] {logging_mixin.py:188} INFO - Uploaded /tmp/minio_downloads/1768094345.json to Snowflake stage
[2026-01-11T02:39:28.370+0000] {logging_mixin.py:188} INFO - Uploaded /tmp/minio_downloads/1768094355.json to Snowflake stage
[2026-01-11T02:39:28.801+0000] {logging_mixin.py:188} INFO - Uploaded /tmp/minio_downloads/1768094364.json to Snowflake stage
[2026-01-11T02:39:29.219+0000] {logging_mixin.py:188} INFO - Uploaded /tmp/minio_downloads/1768094424.json to Snowflake stage
[2026-01-11T02:39:29.651+0000] {logging_mixin.py:188} INFO - Uploaded /tmp/minio_downloads/1768094434.json to Snowflake stage
[2026-01-11T02:39:30.072+0000] {logging_mixin.py:188} INFO - Uploaded /tmp/minio_downloads/1768094444.json to Snowflake stage
[2026-01-11T02:39:30.484+0000] {logging_mixin.py:188} INFO - Uploaded /tmp/minio_downloads/1768094454.json to Snowflake stage
[2026-01-11T02:39:30.917+0000] {logging_mixin.py:188} INFO - Uploaded /tmp/minio_downloads/1768094465.json to Snowflake stage
[2026-01-11T02:39:31.357+0000] {logging_mixin.py:188} INFO - Uploaded /tmp/minio_downloads/1768094477.json to Snowflake stage
[2026-01-11T02:39:31.800+0000] {logging_mixin.py:188} INFO - Uploaded /tmp/minio_downloads/1768094488.json to Snowflake stage
[2026-01-11T02:39:32.236+0000] {logging_mixin.py:188} INFO - Uploaded /tmp/minio_downloads/1768094498.json to Snowflake stage
[2026-01-11T02:39:32.660+0000] {logging_mixin.py:188} INFO - Uploaded /tmp/minio_downloads/1768094511.json to Snowflake stage
[2026-01-11T02:39:33.088+0000] {logging_mixin.py:188} INFO - Uploaded /tmp/minio_downloads/1768094522.json to Snowflake stage
[2026-01-11T02:39:33.507+0000] {logging_mixin.py:188} INFO - Uploaded /tmp/minio_downloads/1768094534.json to Snowflake stage
[2026-01-11T02:39:33.942+0000] {logging_mixin.py:188} INFO - Uploaded /tmp/minio_downloads/1768094546.json to Snowflake stage
[2026-01-11T02:39:34.395+0000] {logging_mixin.py:188} INFO - Uploaded /tmp/minio_downloads/1768094557.json to Snowflake stage
[2026-01-11T02:39:34.817+0000] {logging_mixin.py:188} INFO - Uploaded /tmp/minio_downloads/1768094568.json to Snowflake stage
[2026-01-11T02:39:35.254+0000] {logging_mixin.py:188} INFO - Uploaded /tmp/minio_downloads/1768094580.json to Snowflake stage
[2026-01-11T02:39:35.686+0000] {logging_mixin.py:188} INFO - Uploaded /tmp/minio_downloads/1768094591.json to Snowflake stage
[2026-01-11T02:39:36.130+0000] {logging_mixin.py:188} INFO - Uploaded /tmp/minio_downloads/1768094603.json to Snowflake stage
[2026-01-11T02:39:36.547+0000] {logging_mixin.py:188} INFO - Uploaded /tmp/minio_downloads/1768094614.json to Snowflake stage
[2026-01-11T02:39:36.967+0000] {logging_mixin.py:188} INFO - Uploaded /tmp/minio_downloads/1768094626.json to Snowflake stage
[2026-01-11T02:39:37.405+0000] {logging_mixin.py:188} INFO - Uploaded /tmp/minio_downloads/1768094636.json to Snowflake stage
[2026-01-11T02:39:37.839+0000] {logging_mixin.py:188} INFO - Uploaded /tmp/minio_downloads/1768094647.json to Snowflake stage
[2026-01-11T02:39:38.297+0000] {logging_mixin.py:188} INFO - Uploaded /tmp/minio_downloads/1768094658.json to Snowflake stage
[2026-01-11T02:39:38.716+0000] {logging_mixin.py:188} INFO - Uploaded /tmp/minio_downloads/1768094670.json to Snowflake stage
[2026-01-11T02:39:39.142+0000] {logging_mixin.py:188} INFO - Uploaded /tmp/minio_downloads/1768094681.json to Snowflake stage
[2026-01-11T02:39:39.584+0000] {logging_mixin.py:188} INFO - Uploaded /tmp/minio_downloads/1768094693.json to Snowflake stage
[2026-01-11T02:39:40.009+0000] {logging_mixin.py:188} INFO - Uploaded /tmp/minio_downloads/1768094704.json to Snowflake stage
[2026-01-11T02:39:40.434+0000] {logging_mixin.py:188} INFO - Uploaded /tmp/minio_downloads/1768094292.json to Snowflake stage
[2026-01-11T02:39:40.852+0000] {logging_mixin.py:188} INFO - Uploaded /tmp/minio_downloads/1768094303.json to Snowflake stage
[2026-01-11T02:39:41.271+0000] {logging_mixin.py:188} INFO - Uploaded /tmp/minio_downloads/1768094315.json to Snowflake stage
[2026-01-11T02:39:41.695+0000] {logging_mixin.py:188} INFO - Uploaded /tmp/minio_downloads/1768094325.json to Snowflake stage
[2026-01-11T02:39:42.246+0000] {logging_mixin.py:188} INFO - Uploaded /tmp/minio_downloads/1768094338.json to Snowflake stage
[2026-01-11T02:39:42.714+0000] {logging_mixin.py:188} INFO - Uploaded /tmp/minio_downloads/1768094348.json to Snowflake stage
[2026-01-11T02:39:43.137+0000] {logging_mixin.py:188} INFO - Uploaded /tmp/minio_downloads/1768094357.json to Snowflake stage
[2026-01-11T02:39:43.557+0000] {logging_mixin.py:188} INFO - Uploaded /tmp/minio_downloads/1768094427.json to Snowflake stage
[2026-01-11T02:39:43.989+0000] {logging_mixin.py:188} INFO - Uploaded /tmp/minio_downloads/1768094437.json to Snowflake stage
[2026-01-11T02:39:44.412+0000] {logging_mixin.py:188} INFO - Uploaded /tmp/minio_downloads/1768094447.json to Snowflake stage
[2026-01-11T02:39:44.850+0000] {logging_mixin.py:188} INFO - Uploaded /tmp/minio_downloads/1768094458.json to Snowflake stage
[2026-01-11T02:39:45.304+0000] {logging_mixin.py:188} INFO - Uploaded /tmp/minio_downloads/1768094470.json to Snowflake stage
[2026-01-11T02:39:45.734+0000] {logging_mixin.py:188} INFO - Uploaded /tmp/minio_downloads/1768094481.json to Snowflake stage
[2026-01-11T02:39:46.166+0000] {logging_mixin.py:188} INFO - Uploaded /tmp/minio_downloads/1768094491.json to Snowflake stage
[2026-01-11T02:39:46.585+0000] {logging_mixin.py:188} INFO - Uploaded /tmp/minio_downloads/1768094503.json to Snowflake stage
[2026-01-11T02:39:47.030+0000] {logging_mixin.py:188} INFO - Uploaded /tmp/minio_downloads/1768094515.json to Snowflake stage
[2026-01-11T02:39:47.461+0000] {logging_mixin.py:188} INFO - Uploaded /tmp/minio_downloads/1768094527.json to Snowflake stage
[2026-01-11T02:39:47.877+0000] {logging_mixin.py:188} INFO - Uploaded /tmp/minio_downloads/1768094539.json to Snowflake stage
[2026-01-11T02:39:48.309+0000] {logging_mixin.py:188} INFO - Uploaded /tmp/minio_downloads/1768094550.json to Snowflake stage
[2026-01-11T02:39:48.732+0000] {logging_mixin.py:188} INFO - Uploaded /tmp/minio_downloads/1768094561.json to Snowflake stage
[2026-01-11T02:39:49.158+0000] {logging_mixin.py:188} INFO - Uploaded /tmp/minio_downloads/1768094573.json to Snowflake stage
[2026-01-11T02:39:49.587+0000] {logging_mixin.py:188} INFO - Uploaded /tmp/minio_downloads/1768094584.json to Snowflake stage
[2026-01-11T02:39:50.028+0000] {logging_mixin.py:188} INFO - Uploaded /tmp/minio_downloads/1768094595.json to Snowflake stage
[2026-01-11T02:39:50.458+0000] {logging_mixin.py:188} INFO - Uploaded /tmp/minio_downloads/1768094607.json to Snowflake stage
[2026-01-11T02:39:50.903+0000] {logging_mixin.py:188} INFO - Uploaded /tmp/minio_downloads/1768094619.json to Snowflake stage
[2026-01-11T02:39:51.338+0000] {logging_mixin.py:188} INFO - Uploaded /tmp/minio_downloads/1768094629.json to Snowflake stage
[2026-01-11T02:39:51.765+0000] {logging_mixin.py:188} INFO - Uploaded /tmp/minio_downloads/1768094640.json to Snowflake stage
[2026-01-11T02:39:52.221+0000] {logging_mixin.py:188} INFO - Uploaded /tmp/minio_downloads/1768094651.json to Snowflake stage
[2026-01-11T02:39:51.052+0000] {logging_mixin.py:188} INFO - Uploaded /tmp/minio_downloads/1768094663.json to Snowflake stage
[2026-01-11T02:39:51.488+0000] {logging_mixin.py:188} INFO - Uploaded /tmp/minio_downloads/1768094674.json to Snowflake stage
[2026-01-11T02:39:52.006+0000] {logging_mixin.py:188} INFO - Uploaded /tmp/minio_downloads/1768094686.json to Snowflake stage
[2026-01-11T02:39:52.461+0000] {logging_mixin.py:188} INFO - Uploaded /tmp/minio_downloads/1768094698.json to Snowflake stage
[2026-01-11T02:39:52.903+0000] {logging_mixin.py:188} INFO - Uploaded /tmp/minio_downloads/1768094707.json to Snowflake stage
[2026-01-11T02:39:53.344+0000] {logging_mixin.py:188} INFO - Uploaded /tmp/minio_downloads/1768094291.json to Snowflake stage
[2026-01-11T02:39:53.781+0000] {logging_mixin.py:188} INFO - Uploaded /tmp/minio_downloads/1768094303.json to Snowflake stage
[2026-01-11T02:39:54.205+0000] {logging_mixin.py:188} INFO - Uploaded /tmp/minio_downloads/1768094314.json to Snowflake stage
[2026-01-11T02:39:54.628+0000] {logging_mixin.py:188} INFO - Uploaded /tmp/minio_downloads/1768094324.json to Snowflake stage
[2026-01-11T02:39:55.059+0000] {logging_mixin.py:188} INFO - Uploaded /tmp/minio_downloads/1768094337.json to Snowflake stage
[2026-01-11T02:39:55.536+0000] {logging_mixin.py:188} INFO - Uploaded /tmp/minio_downloads/1768094347.json to Snowflake stage
[2026-01-11T02:39:56.035+0000] {logging_mixin.py:188} INFO - Uploaded /tmp/minio_downloads/1768094357.json to Snowflake stage
[2026-01-11T02:39:56.548+0000] {logging_mixin.py:188} INFO - Uploaded /tmp/minio_downloads/1768094426.json to Snowflake stage
[2026-01-11T02:39:57.014+0000] {logging_mixin.py:188} INFO - Uploaded /tmp/minio_downloads/1768094436.json to Snowflake stage
[2026-01-11T02:39:57.832+0000] {logging_mixin.py:188} INFO - Uploaded /tmp/minio_downloads/1768094446.json to Snowflake stage
[2026-01-11T02:39:59.703+0000] {logging_mixin.py:188} INFO - Uploaded /tmp/minio_downloads/1768094457.json to Snowflake stage
[2026-01-11T10:47:57.561+0000] {connectionpool.py:824} WARNING - Retrying (Retry(total=0, connect=None, read=None, redirect=None, status=None)) after connection broken by 'ProtocolError('Connection aborted.', RemoteDisconnected('Remote end closed connection without response'))': /tableszz60452adb-c6ee-4c32-9540-3e4672d3f192/1768094469.json.gz?sv=2021-04-10&se=2026-01-11T07%3A40%3A08Z&skoid=3faa5ad3-0747-4286-a268-3526e9ad0137&sktid=e99fddda-f4fb-448f-abd1-a50f8f64043a&skt=2026-01-11T05%3A40%3A08Z&ske=2026-01-18T05%3A39%3A08Z&sks=b&skv=2021-04-10&sr=c&sp=racwdl&sig=gZpwvyKdiI3PRE72FJvqdFcA%2BctabQEIs2BZxPhMbpE%3D
[2026-01-11T10:48:22.183+0000] {file_transfer_agent.py:606} ERROR - An exception was raised in <bound method SnowflakeStorageClient.prepare_upload of <snowflake.connector.azure_storage_client.SnowflakeAzureRestClient object at 0x79bce1d22450>>
Traceback (most recent call last):
  File "/home/airflow/.local/lib/python3.12/site-packages/snowflake/connector/network.py", line 755, in _post_request
    ret = self._renew_session()
          ^^^^^^^^^^^^^^^^^^^^^
  File "/home/airflow/.local/lib/python3.12/site-packages/snowflake/connector/network.py", line 529, in _renew_session
    return self._token_request(REQUEST_TYPE_RENEW)
           ^^^^^^^^^^^^^^^^^^^^^^^^^^^^^^^^^^^^^^^
  File "/home/airflow/.local/lib/python3.12/site-packages/snowflake/connector/network.py", line 584, in _token_request
    raise ReauthenticationRequest(
snowflake.connector.network.ReauthenticationRequest: 390114 (08001): None: Authentication token has expired.  The user must authenticate again.

During handling of the above exception, another exception occurred:

Traceback (most recent call last):
  File "/home/airflow/.local/lib/python3.12/site-packages/snowflake/connector/file_transfer_agent.py", line 603, in function_and_callback_wrapper
    work(*args, **kwargs),
    ^^^^^^^^^^^^^^^^^^^^^
  File "/home/airflow/.local/lib/python3.12/site-packages/snowflake/connector/storage_client.py", line 223, in prepare_upload
    self.preprocess()
  File "/home/airflow/.local/lib/python3.12/site-packages/snowflake/connector/storage_client.py", line 189, in preprocess
    file_header = self.get_file_header(
                  ^^^^^^^^^^^^^^^^^^^^^
  File "/home/airflow/.local/lib/python3.12/site-packages/snowflake/connector/azure_storage_client.py", line 121, in get_file_header
    r = self._send_request_with_authentication_and_retry("HEAD", url, retry_id)
        ^^^^^^^^^^^^^^^^^^^^^^^^^^^^^^^^^^^^^^^^^^^^^^^^^^^^^^^^^^^^^^^^^^^^^^^
  File "/home/airflow/.local/lib/python3.12/site-packages/snowflake/connector/azure_storage_client.py", line 108, in _send_request_with_authentication_and_retry
    return self._send_request_with_retry(
           ^^^^^^^^^^^^^^^^^^^^^^^^^^^^^^
  File "/home/airflow/.local/lib/python3.12/site-packages/snowflake/connector/storage_client.py", line 307, in _send_request_with_retry
    self.credentials.update(cur_timestamp)
  File "/home/airflow/.local/lib/python3.12/site-packages/snowflake/connector/file_transfer_agent.py", line 324, in update
    ret = self.connection.cursor()._execute_helper(self._command)
          ^^^^^^^^^^^^^^^^^^^^^^^^^^^^^^^^^^^^^^^^^^^^^^^^^^^^^^^
  File "/home/airflow/.local/lib/python3.12/site-packages/snowflake/connector/cursor.py", line 694, in _execute_helper
    ret = self._connection.cmd_query(
          ^^^^^^^^^^^^^^^^^^^^^^^^^^^
  File "/home/airflow/.local/lib/python3.12/site-packages/snowflake/connector/connection.py", line 1328, in cmd_query
    ret = self.rest.request(
          ^^^^^^^^^^^^^^^^^^
  File "/home/airflow/.local/lib/python3.12/site-packages/snowflake/connector/network.py", line 493, in request
    return self._post_request(
           ^^^^^^^^^^^^^^^^^^^
  File "/home/airflow/.local/lib/python3.12/site-packages/snowflake/connector/network.py", line 758, in _post_request
    raise ex.cause
snowflake.connector.errors.ProgrammingError: 390114 (08001): None: Authentication token has expired.  The user must authenticate again.
[2026-01-11T10:48:22.604+0000] {taskinstance.py:441} INFO - ::group::Post task execution logs
[2026-01-11T10:48:22.709+0000] {taskinstance.py:2905} ERROR - Task failed with exception
Traceback (most recent call last):
  File "/home/airflow/.local/lib/python3.12/site-packages/airflow/models/taskinstance.py", line 465, in _execute_task
    result = _execute_callable(context=context, **execute_callable_kwargs)
             ^^^^^^^^^^^^^^^^^^^^^^^^^^^^^^^^^^^^^^^^^^^^^^^^^^^^^^^^^^^^^
  File "/home/airflow/.local/lib/python3.12/site-packages/airflow/models/taskinstance.py", line 432, in _execute_callable
    return execute_callable(context=context, **execute_callable_kwargs)
           ^^^^^^^^^^^^^^^^^^^^^^^^^^^^^^^^^^^^^^^^^^^^^^^^^^^^^^^^^^^^
  File "/home/airflow/.local/lib/python3.12/site-packages/airflow/models/baseoperator.py", line 401, in wrapper
    return func(self, *args, **kwargs)
           ^^^^^^^^^^^^^^^^^^^^^^^^^^^
  File "/home/airflow/.local/lib/python3.12/site-packages/airflow/operators/python.py", line 235, in execute
    return_value = self.execute_callable()
                   ^^^^^^^^^^^^^^^^^^^^^^^
  File "/home/airflow/.local/lib/python3.12/site-packages/airflow/operators/python.py", line 252, in execute_callable
    return self.python_callable(*self.op_args, **self.op_kwargs)
           ^^^^^^^^^^^^^^^^^^^^^^^^^^^^^^^^^^^^^^^^^^^^^^^^^^^^^
  File "/opt/airflow/dags/minio_to_snowflake.py", line 57, in load_to_snowflake
    cur.execute(f"PUT file://{f} @%bronze_stock_quotes_raw")
  File "/home/airflow/.local/lib/python3.12/site-packages/snowflake/connector/cursor.py", line 1047, in execute
    data = sf_file_transfer_agent.result()
           ^^^^^^^^^^^^^^^^^^^^^^^^^^^^^^^
  File "/home/airflow/.local/lib/python3.12/site-packages/snowflake/connector/file_transfer_agent.py", line 740, in result
    Error.errorhandler_wrapper(
  File "/home/airflow/.local/lib/python3.12/site-packages/snowflake/connector/errors.py", line 290, in errorhandler_wrapper
    handed_over = Error.hand_to_other_handler(
                  ^^^^^^^^^^^^^^^^^^^^^^^^^^^^
  File "/home/airflow/.local/lib/python3.12/site-packages/snowflake/connector/errors.py", line 345, in hand_to_other_handler
    cursor.errorhandler(connection, cursor, error_class, error_value)
  File "/home/airflow/.local/lib/python3.12/site-packages/snowflake/connector/errors.py", line 221, in default_errorhandler
    raise error_class(
snowflake.connector.errors.OperationalError: 253003: 253003: While putting file(s) there was an error: '390114 (08001): None: Authentication token has expired.  The user must authenticate again.', this might be caused by your access to the blob storage provider, or by Snowflake.
[2026-01-11T10:48:24.345+0000] {taskinstance.py:1206} INFO - Marking task as UP_FOR_RETRY. dag_id=minio_to_snowflake, task_id=load_snowflake, run_id=scheduled__2026-01-11T02:36:00+00:00, execution_date=20260111T023600, start_date=20260111T023923, end_date=20260111T104824
[2026-01-11T10:48:25.066+0000] {standard_task_runner.py:110} ERROR - Failed to execute job 106 for task load_snowflake (253003: 253003: While putting file(s) there was an error: '390114 (08001): None: Authentication token has expired.  The user must authenticate again.', this might be caused by your access to the blob storage provider, or by Snowflake.; 27363)
[2026-01-11T10:48:25.482+0000] {local_task_job_runner.py:243} INFO - Task exited with return code 1
[2026-01-11T10:48:27.766+0000] {taskinstance.py:3503} INFO - 0 downstream tasks scheduled from follow-on schedule check
[2026-01-11T10:48:28.065+0000] {local_task_job_runner.py:222} INFO - ::endgroup::
